<?xml version="1.0" encoding="UTF-8"?>
<robot generator="Robot 6.0.1 (Python 3.11.0 on win32)" generated="20221215 12:02:43.606" rpa="false" schemaversion="3">
<suite id="s1" name="TestsChat21" source="C:\Users\David.Estrada\RobotFramework\Chat21AppiumTests\Tests\TestsChat21.robot">
<test id="s1-t1" name="Chat21_LogIn_Test" line="10">
<kw name="Open_Chat21" library="Common" type="SETUP">
<kw name="Open Application" library="AppiumLibrary">
<arg>http://localhost:4723/wd/hub</arg>
<arg>platformName=Android</arg>
<arg>deviceName=R9PT90W9Q0X</arg>
<arg>appPackage=chat21.android.demo</arg>
<arg>appActivity=chat21.android.demo.SplashActivity</arg>
<arg>automationName=Uiautomator2</arg>
<doc>Opens a new application to given Appium server.
Capabilities of appium server, Android and iOS,
Please check https://github.com/appium/appium/blob/master/docs/en/writing-running-appium/server-args.md
| *Option*            | *Man.* | *Description*     |
| remote_url          | Yes    | Appium server url |
| alias               | no     | alias             |
| strict_ssl          | No     | allows you to send commands to an invalid certificate host like a self-signed one. |</doc>
<status status="PASS" starttime="20221215 12:02:43.758" endtime="20221215 12:02:56.761"/>
</kw>
<kw name="Run Keyword And Return Status" library="BuiltIn">
<var>${ALERT}</var>
<arg>Page Should Contain Element</arg>
<arg>${PERMISION_BUTTON}</arg>
<doc>Runs the given keyword with given arguments and returns the status as a Boolean value.</doc>
<kw name="Page Should Contain Element" library="AppiumLibrary">
<arg>${PERMISION_BUTTON}</arg>
<doc>Verifies that current page contains `locator` element.</doc>
<msg timestamp="20221215 12:02:57.572" level="INFO">Current page contains element 'id = com.android.permissioncontroller:id/continue_button'.</msg>
<msg timestamp="20221215 12:02:57.572" level="INFO">criteria is com.android.permissioncontroller:id/continue_button</msg>
<status status="PASS" starttime="20221215 12:02:56.761" endtime="20221215 12:02:57.572"/>
</kw>
<msg timestamp="20221215 12:02:57.573" level="INFO">${ALERT} = True</msg>
<status status="PASS" starttime="20221215 12:02:56.761" endtime="20221215 12:02:57.573"/>
</kw>
<kw name="Run Keyword If" library="BuiltIn">
<arg>'${ALERT}' == 'True'</arg>
<arg>Android10OrMore</arg>
<doc>Runs the given keyword with the given arguments, if ``condition`` is true.</doc>
<kw name="Android10OrMore" library="Common">
<kw name="Wait Until Page Contains Element" library="AppiumLibrary">
<arg>${PERMISION_BUTTON}</arg>
<doc>Waits until element specified with `locator` appears on current page.</doc>
<msg timestamp="20221215 12:02:57.605" level="INFO">criteria is com.android.permissioncontroller:id/continue_button</msg>
<status status="PASS" starttime="20221215 12:02:57.573" endtime="20221215 12:02:57.606"/>
</kw>
<kw name="Click Element" library="AppiumLibrary">
<arg>${PERMISION_BUTTON}</arg>
<doc>Click element identified by `locator`.</doc>
<msg timestamp="20221215 12:02:57.606" level="INFO">Clicking element 'id = com.android.permissioncontroller:id/continue_button'.</msg>
<msg timestamp="20221215 12:02:57.713" level="INFO">criteria is com.android.permissioncontroller:id/continue_button</msg>
<status status="PASS" starttime="20221215 12:02:57.606" endtime="20221215 12:02:57.713"/>
</kw>
<kw name="Wait Until Page Contains Element" library="AppiumLibrary">
<arg>${POPUP-BUTTON}</arg>
<doc>Waits until element specified with `locator` appears on current page.</doc>
<msg timestamp="20221215 12:02:59.158" level="INFO">xpath criteria: //android.widget.Button[@text="Aceptar"]
xpath criteria: //android.widget.Button[@text="Aceptar"]</msg>
<status status="PASS" starttime="20221215 12:02:57.713" endtime="20221215 12:02:59.158"/>
</kw>
<kw name="Click Element" library="AppiumLibrary">
<arg>${POPUP-BUTTON}</arg>
<doc>Click element identified by `locator`.</doc>
<msg timestamp="20221215 12:02:59.159" level="INFO">Clicking element '//android.widget.Button[@text="Aceptar"]'.</msg>
<msg timestamp="20221215 12:02:59.280" level="INFO">xpath criteria: //android.widget.Button[@text="Aceptar"]</msg>
<status status="PASS" starttime="20221215 12:02:59.158" endtime="20221215 12:02:59.280"/>
</kw>
<status status="PASS" starttime="20221215 12:02:57.573" endtime="20221215 12:02:59.280"/>
</kw>
<status status="PASS" starttime="20221215 12:02:57.573" endtime="20221215 12:02:59.280"/>
</kw>
<kw name="Wait Until Page Contains Element" library="AppiumLibrary">
<arg>${LOGGIN_BUTTON}</arg>
<doc>Waits until element specified with `locator` appears on current page.</doc>
<msg timestamp="20221215 12:03:00.643" level="INFO">criteria is chat21.android.demo:id/login</msg>
<status status="PASS" starttime="20221215 12:02:59.280" endtime="20221215 12:03:00.643"/>
</kw>
<status status="PASS" starttime="20221215 12:02:43.758" endtime="20221215 12:03:00.644"/>
</kw>
<kw name="LogIn" library="AppDriver">
<arg>${USER.email}</arg>
<arg>${USER.password}</arg>
<kw name="login" library="LogInPage">
<arg>${user}</arg>
<arg>${password}</arg>
<kw name="Input Text" library="AppiumLibrary">
<arg>${LOGIN-EMAIL-TEXTFIELD}</arg>
<arg>${USER}</arg>
<doc>Types the given `text` into text field identified by `locator`.</doc>
<msg timestamp="20221215 12:03:00.646" level="INFO">Typing text '123455@gmail.com' into text field 'id=chat21.android.demo:id/email'</msg>
<msg timestamp="20221215 12:03:00.727" level="INFO">criteria is chat21.android.demo:id/email</msg>
<status status="PASS" starttime="20221215 12:03:00.645" endtime="20221215 12:03:00.727"/>
</kw>
<kw name="Input Text" library="AppiumLibrary">
<arg>${LOGIN-PASSWORD-TEXTFIELD}</arg>
<arg>${PASSWORD}</arg>
<doc>Types the given `text` into text field identified by `locator`.</doc>
<msg timestamp="20221215 12:03:00.728" level="INFO">Typing text '123456' into text field 'id=chat21.android.demo:id/password'</msg>
<msg timestamp="20221215 12:03:01.407" level="INFO">criteria is chat21.android.demo:id/password</msg>
<status status="PASS" starttime="20221215 12:03:00.727" endtime="20221215 12:03:01.407"/>
</kw>
<kw name="Click Element" library="AppiumLibrary">
<arg>${LOGGIN_BUTTON}</arg>
<doc>Click element identified by `locator`.</doc>
<msg timestamp="20221215 12:03:01.408" level="INFO">Clicking element 'id=chat21.android.demo:id/login'.</msg>
<msg timestamp="20221215 12:03:02.026" level="INFO">criteria is chat21.android.demo:id/login</msg>
<status status="PASS" starttime="20221215 12:03:01.407" endtime="20221215 12:03:02.027"/>
</kw>
<kw name="Run Keyword And Return Status" library="BuiltIn">
<var>${ALERT}</var>
<arg>Page Should Not Contain Element</arg>
<arg>${REJECT-BUTTON}</arg>
<doc>Runs the given keyword with given arguments and returns the status as a Boolean value.</doc>
<kw name="Page Should Not Contain Element" library="AppiumLibrary">
<arg>${REJECT-BUTTON}</arg>
<doc>Verifies that current page not contains `locator` element.</doc>
<msg timestamp="20221215 12:03:02.174" level="INFO">Current page not contains element 'id=android:id/autofill_save_no'.</msg>
<msg timestamp="20221215 12:03:02.174" level="INFO">criteria is android:id/autofill_save_no</msg>
<status status="PASS" starttime="20221215 12:03:02.027" endtime="20221215 12:03:02.174"/>
</kw>
<msg timestamp="20221215 12:03:02.174" level="INFO">${ALERT} = True</msg>
<status status="PASS" starttime="20221215 12:03:02.027" endtime="20221215 12:03:02.174"/>
</kw>
<kw name="Run Keyword If" library="BuiltIn">
<arg>'${ALERT}' == 'False'</arg>
<arg>DoNotSavePassword</arg>
<doc>Runs the given keyword with the given arguments, if ``condition`` is true.</doc>
<status status="PASS" starttime="20221215 12:03:02.174" endtime="20221215 12:03:02.174"/>
</kw>
<kw name="Wait Until Page Contains Element" library="AppiumLibrary">
<arg>${CONFIRNATION_TEXT}</arg>
<doc>Waits until element specified with `locator` appears on current page.</doc>
<msg timestamp="20221215 12:03:04.228" level="INFO">xpath criteria: //android.widget.TextView[@text="HOME"]
xpath criteria: //android.widget.TextView[@text="HOME"]</msg>
<status status="PASS" starttime="20221215 12:03:02.174" endtime="20221215 12:03:04.229"/>
</kw>
<status status="PASS" starttime="20221215 12:03:00.645" endtime="20221215 12:03:04.229"/>
</kw>
<status status="PASS" starttime="20221215 12:03:00.644" endtime="20221215 12:03:04.229"/>
</kw>
<kw name="Close_Chat21" library="Common" type="TEARDOWN">
<kw name="Close Application" library="AppiumLibrary">
<doc>Closes the current application and also close webdriver session.</doc>
<status status="PASS" starttime="20221215 12:03:04.231" endtime="20221215 12:03:04.772"/>
</kw>
<status status="PASS" starttime="20221215 12:03:04.231" endtime="20221215 12:03:04.772"/>
</kw>
<doc>LogIn with valid credentials</doc>
<tag>Test1</tag>
<status status="PASS" starttime="20221215 12:02:43.757" endtime="20221215 12:03:04.772"/>
</test>
<test id="s1-t2" name="Chat21_LogOut_Test" line="15">
<kw name="Open_Chat21" library="Common" type="SETUP">
<kw name="Open Application" library="AppiumLibrary">
<arg>http://localhost:4723/wd/hub</arg>
<arg>platformName=Android</arg>
<arg>deviceName=R9PT90W9Q0X</arg>
<arg>appPackage=chat21.android.demo</arg>
<arg>appActivity=chat21.android.demo.SplashActivity</arg>
<arg>automationName=Uiautomator2</arg>
<doc>Opens a new application to given Appium server.
Capabilities of appium server, Android and iOS,
Please check https://github.com/appium/appium/blob/master/docs/en/writing-running-appium/server-args.md
| *Option*            | *Man.* | *Description*     |
| remote_url          | Yes    | Appium server url |
| alias               | no     | alias             |
| strict_ssl          | No     | allows you to send commands to an invalid certificate host like a self-signed one. |</doc>
<status status="PASS" starttime="20221215 12:03:04.773" endtime="20221215 12:03:15.781"/>
</kw>
<kw name="Run Keyword And Return Status" library="BuiltIn">
<var>${ALERT}</var>
<arg>Page Should Contain Element</arg>
<arg>${PERMISION_BUTTON}</arg>
<doc>Runs the given keyword with given arguments and returns the status as a Boolean value.</doc>
<kw name="Page Should Contain Element" library="AppiumLibrary">
<arg>${PERMISION_BUTTON}</arg>
<doc>Verifies that current page contains `locator` element.</doc>
<msg timestamp="20221215 12:03:16.502" level="INFO">Current page contains element 'id = com.android.permissioncontroller:id/continue_button'.</msg>
<msg timestamp="20221215 12:03:16.502" level="INFO">criteria is com.android.permissioncontroller:id/continue_button</msg>
<status status="PASS" starttime="20221215 12:03:15.781" endtime="20221215 12:03:16.502"/>
</kw>
<msg timestamp="20221215 12:03:16.502" level="INFO">${ALERT} = True</msg>
<status status="PASS" starttime="20221215 12:03:15.781" endtime="20221215 12:03:16.502"/>
</kw>
<kw name="Run Keyword If" library="BuiltIn">
<arg>'${ALERT}' == 'True'</arg>
<arg>Android10OrMore</arg>
<doc>Runs the given keyword with the given arguments, if ``condition`` is true.</doc>
<kw name="Android10OrMore" library="Common">
<kw name="Wait Until Page Contains Element" library="AppiumLibrary">
<arg>${PERMISION_BUTTON}</arg>
<doc>Waits until element specified with `locator` appears on current page.</doc>
<msg timestamp="20221215 12:03:16.536" level="INFO">criteria is com.android.permissioncontroller:id/continue_button</msg>
<status status="PASS" starttime="20221215 12:03:16.503" endtime="20221215 12:03:16.536"/>
</kw>
<kw name="Click Element" library="AppiumLibrary">
<arg>${PERMISION_BUTTON}</arg>
<doc>Click element identified by `locator`.</doc>
<msg timestamp="20221215 12:03:16.537" level="INFO">Clicking element 'id = com.android.permissioncontroller:id/continue_button'.</msg>
<msg timestamp="20221215 12:03:16.630" level="INFO">criteria is com.android.permissioncontroller:id/continue_button</msg>
<status status="PASS" starttime="20221215 12:03:16.536" endtime="20221215 12:03:16.630"/>
</kw>
<kw name="Wait Until Page Contains Element" library="AppiumLibrary">
<arg>${POPUP-BUTTON}</arg>
<doc>Waits until element specified with `locator` appears on current page.</doc>
<msg timestamp="20221215 12:03:17.917" level="INFO">xpath criteria: //android.widget.Button[@text="Aceptar"]
xpath criteria: //android.widget.Button[@text="Aceptar"]</msg>
<status status="PASS" starttime="20221215 12:03:16.630" endtime="20221215 12:03:17.917"/>
</kw>
<kw name="Click Element" library="AppiumLibrary">
<arg>${POPUP-BUTTON}</arg>
<doc>Click element identified by `locator`.</doc>
<msg timestamp="20221215 12:03:17.920" level="INFO">Clicking element '//android.widget.Button[@text="Aceptar"]'.</msg>
<msg timestamp="20221215 12:03:18.043" level="INFO">xpath criteria: //android.widget.Button[@text="Aceptar"]</msg>
<status status="PASS" starttime="20221215 12:03:17.918" endtime="20221215 12:03:18.043"/>
</kw>
<status status="PASS" starttime="20221215 12:03:16.502" endtime="20221215 12:03:18.044"/>
</kw>
<status status="PASS" starttime="20221215 12:03:16.502" endtime="20221215 12:03:18.044"/>
</kw>
<kw name="Wait Until Page Contains Element" library="AppiumLibrary">
<arg>${LOGGIN_BUTTON}</arg>
<doc>Waits until element specified with `locator` appears on current page.</doc>
<msg timestamp="20221215 12:03:19.056" level="INFO">criteria is chat21.android.demo:id/login</msg>
<status status="PASS" starttime="20221215 12:03:18.044" endtime="20221215 12:03:19.056"/>
</kw>
<status status="PASS" starttime="20221215 12:03:04.773" endtime="20221215 12:03:19.056"/>
</kw>
<kw name="LogIn" library="AppDriver">
<arg>${USER.email}</arg>
<arg>${USER.password}</arg>
<kw name="login" library="LogInPage">
<arg>${user}</arg>
<arg>${password}</arg>
<kw name="Input Text" library="AppiumLibrary">
<arg>${LOGIN-EMAIL-TEXTFIELD}</arg>
<arg>${USER}</arg>
<doc>Types the given `text` into text field identified by `locator`.</doc>
<msg timestamp="20221215 12:03:19.062" level="INFO">Typing text '123455@gmail.com' into text field 'id=chat21.android.demo:id/email'</msg>
<msg timestamp="20221215 12:03:19.143" level="INFO">criteria is chat21.android.demo:id/email</msg>
<status status="PASS" starttime="20221215 12:03:19.060" endtime="20221215 12:03:19.143"/>
</kw>
<kw name="Input Text" library="AppiumLibrary">
<arg>${LOGIN-PASSWORD-TEXTFIELD}</arg>
<arg>${PASSWORD}</arg>
<doc>Types the given `text` into text field identified by `locator`.</doc>
<msg timestamp="20221215 12:03:19.143" level="INFO">Typing text '123456' into text field 'id=chat21.android.demo:id/password'</msg>
<msg timestamp="20221215 12:03:19.849" level="INFO">criteria is chat21.android.demo:id/password</msg>
<status status="PASS" starttime="20221215 12:03:19.143" endtime="20221215 12:03:19.849"/>
</kw>
<kw name="Click Element" library="AppiumLibrary">
<arg>${LOGGIN_BUTTON}</arg>
<doc>Click element identified by `locator`.</doc>
<msg timestamp="20221215 12:03:19.852" level="INFO">Clicking element 'id=chat21.android.demo:id/login'.</msg>
<msg timestamp="20221215 12:03:20.467" level="INFO">criteria is chat21.android.demo:id/login</msg>
<status status="PASS" starttime="20221215 12:03:19.849" endtime="20221215 12:03:20.468"/>
</kw>
<kw name="Run Keyword And Return Status" library="BuiltIn">
<var>${ALERT}</var>
<arg>Page Should Not Contain Element</arg>
<arg>${REJECT-BUTTON}</arg>
<doc>Runs the given keyword with given arguments and returns the status as a Boolean value.</doc>
<kw name="Page Should Not Contain Element" library="AppiumLibrary">
<arg>${REJECT-BUTTON}</arg>
<doc>Verifies that current page not contains `locator` element.</doc>
<msg timestamp="20221215 12:03:20.788" level="INFO">Current page not contains element 'id=android:id/autofill_save_no'.</msg>
<msg timestamp="20221215 12:03:20.788" level="INFO">criteria is android:id/autofill_save_no</msg>
<status status="PASS" starttime="20221215 12:03:20.468" endtime="20221215 12:03:20.788"/>
</kw>
<msg timestamp="20221215 12:03:20.788" level="INFO">${ALERT} = True</msg>
<status status="PASS" starttime="20221215 12:03:20.468" endtime="20221215 12:03:20.788"/>
</kw>
<kw name="Run Keyword If" library="BuiltIn">
<arg>'${ALERT}' == 'False'</arg>
<arg>DoNotSavePassword</arg>
<doc>Runs the given keyword with the given arguments, if ``condition`` is true.</doc>
<status status="PASS" starttime="20221215 12:03:20.788" endtime="20221215 12:03:20.788"/>
</kw>
<kw name="Wait Until Page Contains Element" library="AppiumLibrary">
<arg>${CONFIRNATION_TEXT}</arg>
<doc>Waits until element specified with `locator` appears on current page.</doc>
<msg timestamp="20221215 12:03:23.070" level="INFO">xpath criteria: //android.widget.TextView[@text="HOME"]
xpath criteria: //android.widget.TextView[@text="HOME"]
xpath criteria: //android.widget.TextView[@text="HOME"]</msg>
<status status="PASS" starttime="20221215 12:03:20.788" endtime="20221215 12:03:23.070"/>
</kw>
<status status="PASS" starttime="20221215 12:03:19.060" endtime="20221215 12:03:23.070"/>
</kw>
<status status="PASS" starttime="20221215 12:03:19.058" endtime="20221215 12:03:23.070"/>
</kw>
<kw name="LogOut" library="AppDriver">
<kw name="logout" library="LogOutPage">
<kw name="Wait Until Page Contains Element" library="AppiumLibrary">
<arg>${PROFILE-BUTTON}</arg>
<doc>Waits until element specified with `locator` appears on current page.</doc>
<msg timestamp="20221215 12:03:23.152" level="INFO">xpath criteria: //android.widget.TextView[@text="PROFILE"]</msg>
<status status="PASS" starttime="20221215 12:03:23.072" endtime="20221215 12:03:23.152"/>
</kw>
<kw name="Click Element" library="AppiumLibrary">
<arg>${PROFILE-BUTTON}</arg>
<doc>Click element identified by `locator`.</doc>
<msg timestamp="20221215 12:03:23.153" level="INFO">Clicking element '//android.widget.TextView[@text="PROFILE"]'.</msg>
<msg timestamp="20221215 12:03:23.283" level="INFO">xpath criteria: //android.widget.TextView[@text="PROFILE"]</msg>
<status status="PASS" starttime="20221215 12:03:23.152" endtime="20221215 12:03:23.283"/>
</kw>
<kw name="Wait Until Page Contains Element" library="AppiumLibrary">
<arg>${LOGOUT-BUTTON}</arg>
<doc>Waits until element specified with `locator` appears on current page.</doc>
<msg timestamp="20221215 12:03:24.203" level="INFO">criteria is chat21.android.demo:id/logout
criteria is chat21.android.demo:id/logout</msg>
<status status="PASS" starttime="20221215 12:03:23.283" endtime="20221215 12:03:24.203"/>
</kw>
<kw name="Click Element" library="AppiumLibrary">
<arg>${LOGOUT-BUTTON}</arg>
<doc>Click element identified by `locator`.</doc>
<msg timestamp="20221215 12:03:24.206" level="INFO">Clicking element 'id=chat21.android.demo:id/logout'.</msg>
<msg timestamp="20221215 12:03:24.307" level="INFO">criteria is chat21.android.demo:id/logout</msg>
<status status="PASS" starttime="20221215 12:03:24.203" endtime="20221215 12:03:24.307"/>
</kw>
<status status="PASS" starttime="20221215 12:03:23.072" endtime="20221215 12:03:24.307"/>
</kw>
<status status="PASS" starttime="20221215 12:03:23.071" endtime="20221215 12:03:24.307"/>
</kw>
<kw name="Close_Chat21" library="Common" type="TEARDOWN">
<kw name="Close Application" library="AppiumLibrary">
<doc>Closes the current application and also close webdriver session.</doc>
<status status="PASS" starttime="20221215 12:03:24.308" endtime="20221215 12:03:24.871"/>
</kw>
<status status="PASS" starttime="20221215 12:03:24.308" endtime="20221215 12:03:24.871"/>
</kw>
<doc>Log out the aplicatinon</doc>
<tag>Test2</tag>
<status status="PASS" starttime="20221215 12:03:04.773" endtime="20221215 12:03:24.871"/>
</test>
<doc>Chat 21 tests using android 10</doc>
<status status="PASS" starttime="20221215 12:02:43.608" endtime="20221215 12:03:24.872"/>
</suite>
<statistics>
<total>
<stat pass="2" fail="0" skip="0">All Tests</stat>
</total>
<tag>
<stat pass="1" fail="0" skip="0">Test1</stat>
<stat pass="1" fail="0" skip="0">Test2</stat>
</tag>
<suite>
<stat pass="2" fail="0" skip="0" id="s1" name="TestsChat21">TestsChat21</stat>
</suite>
</statistics>
<errors>
</errors>
</robot>
