<?xml version="1.0" encoding="UTF-8"?>
<robot generator="Robot 6.0.1 (Python 3.11.0 on win32)" generated="20221215 10:40:11.351" rpa="false" schemaversion="3">
<suite id="s1" name="TestsChat21" source="C:\Users\David.Estrada\RobotFramework\AndroidProyect\Tests\TestsChat21.robot">
<test id="s1-t1" name="Chat21_LogIn_Test" line="10">
<kw name="Open_Chat21" library="Common" type="SETUP">
<kw name="Open Application" library="AppiumLibrary">
<arg>http://localhost:4723/wd/hub</arg>
<arg>platformName=Android</arg>
<arg>deviceName=R9PT90W9Q0X</arg>
<arg>appPackage=chat21.android.demo</arg>
<arg>appActivity=chat21.android.demo.SplashActivity</arg>
<arg>automationName=Uiautomator2</arg>
<doc>Opens a new application to given Appium server.
Capabilities of appium server, Android and iOS,
Please check https://github.com/appium/appium/blob/master/docs/en/writing-running-appium/server-args.md
| *Option*            | *Man.* | *Description*     |
| remote_url          | Yes    | Appium server url |
| alias               | no     | alias             |
| strict_ssl          | No     | allows you to send commands to an invalid certificate host like a self-signed one. |</doc>
<status status="PASS" starttime="20221215 10:40:11.473" endtime="20221215 10:40:22.553"/>
</kw>
<kw name="Run Keyword And Return Status" library="BuiltIn">
<var>${ALERT}</var>
<arg>Page Should Contain Element</arg>
<arg>${PERMISION_BUTTON}</arg>
<doc>Runs the given keyword with given arguments and returns the status as a Boolean value.</doc>
<kw name="Page Should Contain Element" library="AppiumLibrary">
<arg>${PERMISION_BUTTON}</arg>
<doc>Verifies that current page contains `locator` element.</doc>
<msg timestamp="20221215 10:40:23.260" level="INFO">Current page contains element 'id = com.android.permissioncontroller:id/continue_button'.</msg>
<msg timestamp="20221215 10:40:23.260" level="INFO">criteria is com.android.permissioncontroller:id/continue_button</msg>
<status status="PASS" starttime="20221215 10:40:22.553" endtime="20221215 10:40:23.260"/>
</kw>
<msg timestamp="20221215 10:40:23.260" level="INFO">${ALERT} = True</msg>
<status status="PASS" starttime="20221215 10:40:22.553" endtime="20221215 10:40:23.260"/>
</kw>
<kw name="Run Keyword If" library="BuiltIn">
<arg>'${ALERT}' == 'True'</arg>
<arg>Android10OrMore</arg>
<doc>Runs the given keyword with the given arguments, if ``condition`` is true.</doc>
<kw name="Android10OrMore" library="Common">
<kw name="Wait Until Page Contains Element" library="AppiumLibrary">
<arg>${PERMISION_BUTTON}</arg>
<doc>Waits until element specified with `locator` appears on current page.</doc>
<msg timestamp="20221215 10:40:23.297" level="INFO">criteria is com.android.permissioncontroller:id/continue_button</msg>
<status status="PASS" starttime="20221215 10:40:23.261" endtime="20221215 10:40:23.297"/>
</kw>
<kw name="Click Element" library="AppiumLibrary">
<arg>${PERMISION_BUTTON}</arg>
<doc>Click element identified by `locator`.</doc>
<msg timestamp="20221215 10:40:23.298" level="INFO">Clicking element 'id = com.android.permissioncontroller:id/continue_button'.</msg>
<msg timestamp="20221215 10:40:23.399" level="INFO">criteria is com.android.permissioncontroller:id/continue_button</msg>
<status status="PASS" starttime="20221215 10:40:23.297" endtime="20221215 10:40:23.399"/>
</kw>
<kw name="Wait Until Page Contains Element" library="AppiumLibrary">
<arg>${POPUP-BUTTON}</arg>
<doc>Waits until element specified with `locator` appears on current page.</doc>
<msg timestamp="20221215 10:40:24.741" level="INFO">xpath criteria: //android.widget.Button[@text="Aceptar"]
xpath criteria: //android.widget.Button[@text="Aceptar"]</msg>
<status status="PASS" starttime="20221215 10:40:23.399" endtime="20221215 10:40:24.741"/>
</kw>
<kw name="Click Element" library="AppiumLibrary">
<arg>${POPUP-BUTTON}</arg>
<doc>Click element identified by `locator`.</doc>
<msg timestamp="20221215 10:40:24.744" level="INFO">Clicking element '//android.widget.Button[@text="Aceptar"]'.</msg>
<msg timestamp="20221215 10:40:24.848" level="INFO">xpath criteria: //android.widget.Button[@text="Aceptar"]</msg>
<status status="PASS" starttime="20221215 10:40:24.741" endtime="20221215 10:40:24.848"/>
</kw>
<status status="PASS" starttime="20221215 10:40:23.261" endtime="20221215 10:40:24.848"/>
</kw>
<status status="PASS" starttime="20221215 10:40:23.260" endtime="20221215 10:40:24.848"/>
</kw>
<kw name="Wait Until Page Contains Element" library="AppiumLibrary">
<arg>${LOGGIN_BUTTON}</arg>
<doc>Waits until element specified with `locator` appears on current page.</doc>
<msg timestamp="20221215 10:40:24.906" level="INFO">criteria is chat21.android.demo:id/login</msg>
<status status="PASS" starttime="20221215 10:40:24.848" endtime="20221215 10:40:24.906"/>
</kw>
<status status="PASS" starttime="20221215 10:40:11.473" endtime="20221215 10:40:24.906"/>
</kw>
<kw name="LogIn" library="AppDriver">
<arg>${USER.email}</arg>
<arg>${USER.password}</arg>
<kw name="login" library="LogInPage">
<arg>${user}</arg>
<arg>${password}</arg>
<kw name="Input Text" library="AppiumLibrary">
<arg>${LOGIN-EMAIL-TEXTFIELD}</arg>
<arg>${USER}</arg>
<doc>Types the given `text` into text field identified by `locator`.</doc>
<msg timestamp="20221215 10:40:24.908" level="INFO">Typing text 'megairon1201@gmail.com' into text field 'id=chat21.android.demo:id/email'</msg>
<msg timestamp="20221215 10:40:25.884" level="INFO">criteria is chat21.android.demo:id/email</msg>
<status status="PASS" starttime="20221215 10:40:24.907" endtime="20221215 10:40:25.884"/>
</kw>
<kw name="Input Text" library="AppiumLibrary">
<arg>${LOGIN-PASSWORD-TEXTFIELD}</arg>
<arg>${PASSWORD}</arg>
<doc>Types the given `text` into text field identified by `locator`.</doc>
<msg timestamp="20221215 10:40:25.885" level="INFO">Typing text 'Holasoygerman2' into text field 'id=chat21.android.demo:id/password'</msg>
<msg timestamp="20221215 10:40:26.589" level="INFO">criteria is chat21.android.demo:id/password</msg>
<status status="PASS" starttime="20221215 10:40:25.884" endtime="20221215 10:40:26.589"/>
</kw>
<kw name="Click Element" library="AppiumLibrary">
<arg>${LOGGIN_BUTTON}</arg>
<doc>Click element identified by `locator`.</doc>
<msg timestamp="20221215 10:40:26.591" level="INFO">Clicking element 'id=chat21.android.demo:id/login'.</msg>
<msg timestamp="20221215 10:40:27.339" level="INFO">criteria is chat21.android.demo:id/login</msg>
<status status="PASS" starttime="20221215 10:40:26.589" endtime="20221215 10:40:27.339"/>
</kw>
<kw name="Run Keyword And Return Status" library="BuiltIn">
<var>${ALERT}</var>
<arg>Page Should Not Contain Element</arg>
<arg>${REJECT-BUTTON}</arg>
<doc>Runs the given keyword with given arguments and returns the status as a Boolean value.</doc>
<kw name="Page Should Not Contain Element" library="AppiumLibrary">
<arg>${REJECT-BUTTON}</arg>
<doc>Verifies that current page not contains `locator` element.</doc>
<msg timestamp="20221215 10:40:27.517" level="INFO">Current page not contains element 'id=android:id/autofill_save_no'.</msg>
<msg timestamp="20221215 10:40:27.517" level="INFO">criteria is android:id/autofill_save_no</msg>
<status status="PASS" starttime="20221215 10:40:27.340" endtime="20221215 10:40:27.517"/>
</kw>
<msg timestamp="20221215 10:40:27.517" level="INFO">${ALERT} = True</msg>
<status status="PASS" starttime="20221215 10:40:27.339" endtime="20221215 10:40:27.517"/>
</kw>
<kw name="Run Keyword If" library="BuiltIn">
<arg>'${ALERT}' == 'False'</arg>
<arg>DoNotSavePassword</arg>
<doc>Runs the given keyword with the given arguments, if ``condition`` is true.</doc>
<status status="PASS" starttime="20221215 10:40:27.517" endtime="20221215 10:40:27.517"/>
</kw>
<kw name="Wait Until Page Contains Element" library="AppiumLibrary">
<arg>${CONFIRNATION_TEXT}</arg>
<doc>Waits until element specified with `locator` appears on current page.</doc>
<msg timestamp="20221215 10:40:29.557" level="INFO">xpath criteria: //android.widget.TextView[@text="HOME"]
xpath criteria: //android.widget.TextView[@text="HOME"]</msg>
<status status="PASS" starttime="20221215 10:40:27.517" endtime="20221215 10:40:29.557"/>
</kw>
<status status="PASS" starttime="20221215 10:40:24.907" endtime="20221215 10:40:29.557"/>
</kw>
<status status="PASS" starttime="20221215 10:40:24.907" endtime="20221215 10:40:29.557"/>
</kw>
<kw name="Close_Chat21" library="Common" type="TEARDOWN">
<kw name="Close Application" library="AppiumLibrary">
<doc>Closes the current application and also close webdriver session.</doc>
<status status="PASS" starttime="20221215 10:40:29.559" endtime="20221215 10:40:30.056"/>
</kw>
<status status="PASS" starttime="20221215 10:40:29.559" endtime="20221215 10:40:30.056"/>
</kw>
<doc>LogIn with valid credentials</doc>
<tag>Test1</tag>
<status status="PASS" starttime="20221215 10:40:11.473" endtime="20221215 10:40:30.056"/>
</test>
<test id="s1-t2" name="Chat21_LogOut_Test" line="15">
<kw name="Open_Chat21" library="Common" type="SETUP">
<kw name="Open Application" library="AppiumLibrary">
<arg>http://localhost:4723/wd/hub</arg>
<arg>platformName=Android</arg>
<arg>deviceName=R9PT90W9Q0X</arg>
<arg>appPackage=chat21.android.demo</arg>
<arg>appActivity=chat21.android.demo.SplashActivity</arg>
<arg>automationName=Uiautomator2</arg>
<doc>Opens a new application to given Appium server.
Capabilities of appium server, Android and iOS,
Please check https://github.com/appium/appium/blob/master/docs/en/writing-running-appium/server-args.md
| *Option*            | *Man.* | *Description*     |
| remote_url          | Yes    | Appium server url |
| alias               | no     | alias             |
| strict_ssl          | No     | allows you to send commands to an invalid certificate host like a self-signed one. |</doc>
<status status="PASS" starttime="20221215 10:40:30.058" endtime="20221215 10:40:41.074"/>
</kw>
<kw name="Run Keyword And Return Status" library="BuiltIn">
<var>${ALERT}</var>
<arg>Page Should Contain Element</arg>
<arg>${PERMISION_BUTTON}</arg>
<doc>Runs the given keyword with given arguments and returns the status as a Boolean value.</doc>
<kw name="Page Should Contain Element" library="AppiumLibrary">
<arg>${PERMISION_BUTTON}</arg>
<doc>Verifies that current page contains `locator` element.</doc>
<msg timestamp="20221215 10:40:41.770" level="INFO">Current page contains element 'id = com.android.permissioncontroller:id/continue_button'.</msg>
<msg timestamp="20221215 10:40:41.770" level="INFO">criteria is com.android.permissioncontroller:id/continue_button</msg>
<status status="PASS" starttime="20221215 10:40:41.074" endtime="20221215 10:40:41.770"/>
</kw>
<msg timestamp="20221215 10:40:41.770" level="INFO">${ALERT} = True</msg>
<status status="PASS" starttime="20221215 10:40:41.074" endtime="20221215 10:40:41.770"/>
</kw>
<kw name="Run Keyword If" library="BuiltIn">
<arg>'${ALERT}' == 'True'</arg>
<arg>Android10OrMore</arg>
<doc>Runs the given keyword with the given arguments, if ``condition`` is true.</doc>
<kw name="Android10OrMore" library="Common">
<kw name="Wait Until Page Contains Element" library="AppiumLibrary">
<arg>${PERMISION_BUTTON}</arg>
<doc>Waits until element specified with `locator` appears on current page.</doc>
<msg timestamp="20221215 10:40:41.812" level="INFO">criteria is com.android.permissioncontroller:id/continue_button</msg>
<status status="PASS" starttime="20221215 10:40:41.770" endtime="20221215 10:40:41.812"/>
</kw>
<kw name="Click Element" library="AppiumLibrary">
<arg>${PERMISION_BUTTON}</arg>
<doc>Click element identified by `locator`.</doc>
<msg timestamp="20221215 10:40:41.812" level="INFO">Clicking element 'id = com.android.permissioncontroller:id/continue_button'.</msg>
<msg timestamp="20221215 10:40:41.911" level="INFO">criteria is com.android.permissioncontroller:id/continue_button</msg>
<status status="PASS" starttime="20221215 10:40:41.812" endtime="20221215 10:40:41.911"/>
</kw>
<kw name="Wait Until Page Contains Element" library="AppiumLibrary">
<arg>${POPUP-BUTTON}</arg>
<doc>Waits until element specified with `locator` appears on current page.</doc>
<msg timestamp="20221215 10:40:43.247" level="INFO">xpath criteria: //android.widget.Button[@text="Aceptar"]
xpath criteria: //android.widget.Button[@text="Aceptar"]</msg>
<status status="PASS" starttime="20221215 10:40:41.911" endtime="20221215 10:40:43.247"/>
</kw>
<kw name="Click Element" library="AppiumLibrary">
<arg>${POPUP-BUTTON}</arg>
<doc>Click element identified by `locator`.</doc>
<msg timestamp="20221215 10:40:43.248" level="INFO">Clicking element '//android.widget.Button[@text="Aceptar"]'.</msg>
<msg timestamp="20221215 10:40:43.362" level="INFO">xpath criteria: //android.widget.Button[@text="Aceptar"]</msg>
<status status="PASS" starttime="20221215 10:40:43.248" endtime="20221215 10:40:43.362"/>
</kw>
<status status="PASS" starttime="20221215 10:40:41.770" endtime="20221215 10:40:43.362"/>
</kw>
<status status="PASS" starttime="20221215 10:40:41.770" endtime="20221215 10:40:43.362"/>
</kw>
<kw name="Wait Until Page Contains Element" library="AppiumLibrary">
<arg>${LOGGIN_BUTTON}</arg>
<doc>Waits until element specified with `locator` appears on current page.</doc>
<msg timestamp="20221215 10:40:44.339" level="INFO">criteria is chat21.android.demo:id/login</msg>
<status status="PASS" starttime="20221215 10:40:43.362" endtime="20221215 10:40:44.340"/>
</kw>
<status status="PASS" starttime="20221215 10:40:30.057" endtime="20221215 10:40:44.340"/>
</kw>
<kw name="LogIn" library="AppDriver">
<arg>${USER.email}</arg>
<arg>${USER.password}</arg>
<kw name="login" library="LogInPage">
<arg>${user}</arg>
<arg>${password}</arg>
<kw name="Input Text" library="AppiumLibrary">
<arg>${LOGIN-EMAIL-TEXTFIELD}</arg>
<arg>${USER}</arg>
<doc>Types the given `text` into text field identified by `locator`.</doc>
<msg timestamp="20221215 10:40:44.346" level="INFO">Typing text 'megairon1201@gmail.com' into text field 'id=chat21.android.demo:id/email'</msg>
<msg timestamp="20221215 10:40:44.453" level="INFO">criteria is chat21.android.demo:id/email</msg>
<status status="PASS" starttime="20221215 10:40:44.344" endtime="20221215 10:40:44.453"/>
</kw>
<kw name="Input Text" library="AppiumLibrary">
<arg>${LOGIN-PASSWORD-TEXTFIELD}</arg>
<arg>${PASSWORD}</arg>
<doc>Types the given `text` into text field identified by `locator`.</doc>
<msg timestamp="20221215 10:40:44.456" level="INFO">Typing text 'Holasoygerman2' into text field 'id=chat21.android.demo:id/password'</msg>
<msg timestamp="20221215 10:40:45.167" level="INFO">criteria is chat21.android.demo:id/password</msg>
<status status="PASS" starttime="20221215 10:40:44.453" endtime="20221215 10:40:45.167"/>
</kw>
<kw name="Click Element" library="AppiumLibrary">
<arg>${LOGGIN_BUTTON}</arg>
<doc>Click element identified by `locator`.</doc>
<msg timestamp="20221215 10:40:45.170" level="INFO">Clicking element 'id=chat21.android.demo:id/login'.</msg>
<msg timestamp="20221215 10:40:45.919" level="INFO">criteria is chat21.android.demo:id/login</msg>
<status status="PASS" starttime="20221215 10:40:45.167" endtime="20221215 10:40:45.919"/>
</kw>
<kw name="Run Keyword And Return Status" library="BuiltIn">
<var>${ALERT}</var>
<arg>Page Should Not Contain Element</arg>
<arg>${REJECT-BUTTON}</arg>
<doc>Runs the given keyword with given arguments and returns the status as a Boolean value.</doc>
<kw name="Page Should Not Contain Element" library="AppiumLibrary">
<arg>${REJECT-BUTTON}</arg>
<doc>Verifies that current page not contains `locator` element.</doc>
<msg timestamp="20221215 10:40:46.104" level="INFO">Current page not contains element 'id=android:id/autofill_save_no'.</msg>
<msg timestamp="20221215 10:40:46.104" level="INFO">criteria is android:id/autofill_save_no</msg>
<status status="PASS" starttime="20221215 10:40:45.919" endtime="20221215 10:40:46.104"/>
</kw>
<msg timestamp="20221215 10:40:46.104" level="INFO">${ALERT} = True</msg>
<status status="PASS" starttime="20221215 10:40:45.919" endtime="20221215 10:40:46.104"/>
</kw>
<kw name="Run Keyword If" library="BuiltIn">
<arg>'${ALERT}' == 'False'</arg>
<arg>DoNotSavePassword</arg>
<doc>Runs the given keyword with the given arguments, if ``condition`` is true.</doc>
<status status="PASS" starttime="20221215 10:40:46.104" endtime="20221215 10:40:46.105"/>
</kw>
<kw name="Wait Until Page Contains Element" library="AppiumLibrary">
<arg>${CONFIRNATION_TEXT}</arg>
<doc>Waits until element specified with `locator` appears on current page.</doc>
<msg timestamp="20221215 10:40:48.167" level="INFO">xpath criteria: //android.widget.TextView[@text="HOME"]
xpath criteria: //android.widget.TextView[@text="HOME"]</msg>
<status status="PASS" starttime="20221215 10:40:46.105" endtime="20221215 10:40:48.167"/>
</kw>
<status status="PASS" starttime="20221215 10:40:44.343" endtime="20221215 10:40:48.168"/>
</kw>
<status status="PASS" starttime="20221215 10:40:44.341" endtime="20221215 10:40:48.168"/>
</kw>
<kw name="LogOut" library="AppDriver">
<kw name="logout" library="LogOutPage">
<kw name="Wait Until Page Contains Element" library="AppiumLibrary">
<arg>${PROFILE-BUTTON}</arg>
<doc>Waits until element specified with `locator` appears on current page.</doc>
<msg timestamp="20221215 10:40:48.256" level="INFO">xpath criteria: //android.widget.TextView[@text="PROFILE"]</msg>
<status status="PASS" starttime="20221215 10:40:48.170" endtime="20221215 10:40:48.256"/>
</kw>
<kw name="Click Element" library="AppiumLibrary">
<arg>${PROFILE-BUTTON}</arg>
<doc>Click element identified by `locator`.</doc>
<msg timestamp="20221215 10:40:48.258" level="INFO">Clicking element '//android.widget.TextView[@text="PROFILE"]'.</msg>
<msg timestamp="20221215 10:40:48.410" level="INFO">xpath criteria: //android.widget.TextView[@text="PROFILE"]</msg>
<status status="PASS" starttime="20221215 10:40:48.256" endtime="20221215 10:40:48.410"/>
</kw>
<kw name="Wait Until Page Contains Element" library="AppiumLibrary">
<arg>${LOGOUT-BUTTON}</arg>
<doc>Waits until element specified with `locator` appears on current page.</doc>
<msg timestamp="20221215 10:40:49.322" level="INFO">criteria is chat21.android.demo:id/logout
criteria is chat21.android.demo:id/logout</msg>
<status status="PASS" starttime="20221215 10:40:48.410" endtime="20221215 10:40:49.322"/>
</kw>
<kw name="Click Element" library="AppiumLibrary">
<arg>${LOGOUT-BUTTON}</arg>
<doc>Click element identified by `locator`.</doc>
<msg timestamp="20221215 10:40:49.324" level="INFO">Clicking element 'id=chat21.android.demo:id/logout'.</msg>
<msg timestamp="20221215 10:40:49.423" level="INFO">criteria is chat21.android.demo:id/logout</msg>
<status status="PASS" starttime="20221215 10:40:49.322" endtime="20221215 10:40:49.424"/>
</kw>
<status status="PASS" starttime="20221215 10:40:48.170" endtime="20221215 10:40:49.424"/>
</kw>
<status status="PASS" starttime="20221215 10:40:48.169" endtime="20221215 10:40:49.424"/>
</kw>
<kw name="Close_Chat21" library="Common" type="TEARDOWN">
<kw name="Close Application" library="AppiumLibrary">
<doc>Closes the current application and also close webdriver session.</doc>
<status status="PASS" starttime="20221215 10:40:49.426" endtime="20221215 10:40:49.945"/>
</kw>
<status status="PASS" starttime="20221215 10:40:49.425" endtime="20221215 10:40:49.945"/>
</kw>
<doc>Log out the aplicatinon</doc>
<tag>Test2</tag>
<status status="PASS" starttime="20221215 10:40:30.057" endtime="20221215 10:40:49.945"/>
</test>
<doc>Chat 21 tests using android 10</doc>
<status status="PASS" starttime="20221215 10:40:11.353" endtime="20221215 10:40:49.946"/>
</suite>
<statistics>
<total>
<stat pass="2" fail="0" skip="0">All Tests</stat>
</total>
<tag>
<stat pass="1" fail="0" skip="0">Test1</stat>
<stat pass="1" fail="0" skip="0">Test2</stat>
</tag>
<suite>
<stat pass="2" fail="0" skip="0" id="s1" name="TestsChat21">TestsChat21</stat>
</suite>
</statistics>
<errors>
</errors>
</robot>
